
***********Begin Parsing at: 2012/11/08-17:44***********

Processing 4_DynamicTtool......
Bad GroupID: 4 for 4_DynamicTtool
Parsing failed

==================================

***********Begin Parsing at: 2012/11/08-17:47***********

Processing 1_Summit_PBK......
invalid fractile number :5 in:
"56633010";"Marcus Corp.";"12/30/2011";20111230;"MCS";-3.291035;0.000024;368.792050;1.067994;5
for file 1_Summit_PBKfailed when parsing 1_Summit_PBK
Parsing failed

==================================

***********Begin Parsing at: 2012/11/08-17:49***********

Processing 1_Summit_PBK......
======PBK======
incorrect date format for 
failed when parsing 1_Summit_PBK
Parsing failed

==================================

***********Begin Parsing at: 2012/11/08-17:50***********

Processing 1_Summit_PBK......
======PBK======
incorrect date format for 020111230
failed when parsing 1_Summit_PBK
Parsing failed

==================================

***********Begin Parsing at: 2012/11/08-17:51***********

Processing 1_Summit_PBK......
======PBK======
1_Summit_PBK completed......

Processing 4_DynamicTtool......
======PBKLag3m======
======PBKNoLag======
4_DynamicTtool completed......

Processing 1_SummitPE......
======PE======
1_SummitPE completed......

Processing 1_SummitPBK......
======PBK======
1_SummitPBK completed......

Processing 1_SummitMMT......
======MMT9M======
1_SummitMMT completed......

Processing 1_SummitNegEarning......
======NegEarning======
1_SummitNegEarning completed......

The Total Time Used:   2.30s
Parsing Finished

==================================
