ø
***********Begin DSID Mapping at: 2012/11/08-20:38***********
/home/nick/FSparser/Working_Folder/temp_output.csv does not exists!
Mapping failed

==================================

***********Begin DSID Mapping at: 2012/11/08-20:40***********
/home/nick/FSparser/Working_Folder/temp_output.csv does not exists!
Mapping failed

==================================

***********Begin DSID Mapping at: 2012/11/08-20:41***********
/home/nick/FSparser/Results does not exists!
Mapping failed

==================================

***********Begin DSID Mapping at: 2012/11/08-20:43***********

Processing ......

***********Begin DSID Mapping at: 2012/11/08-20:44***********

Processing ......

***********Begin DSID Mapping at: 2012/11/08-20:49***********

Processing /home/nick/FSparser/Working_Folder/temp_output.csv......

***********Begin DSID Mapping at: 2012/11/08-20:49***********

Processing /home/nick/FSparser/Working_Folder/temp_output.csv......

***********Begin DSID Mapping at: 2012/11/08-20:54***********

Processing /home/nick/FSparser/Working_Folder/temp_output.csv......
invalid input id:  in:

for file /home/nick/FSparser/Working_Folder/temp_output.csv
failed when mapping /home/nick/FSparser/Working_Folder/temp_output.csv
Mapping failed

==================================

***********Begin DSID Mapping at: 2012/11/08-20:54***********

Processing /home/nick/FSparser/Working_Folder/temp_output.csv......
invalid input id:  in:

for file /home/nick/FSparser/Working_Folder/temp_output.csv
failed when mapping /home/nick/FSparser/Working_Folder/temp_output.csv
Mapping failed

==================================

***********Begin DSID Mapping at: 2012/11/08-20:55***********

Processing /home/nick/FSparser/Working_Folder/temp_output.csv......
invalid input id:  in:

for file /home/nick/FSparser/Working_Folder/temp_output.csv
failed when mapping /home/nick/FSparser/Working_Folder/temp_output.csv
Mapping failed

==================================

***********Begin DSID Mapping at: 2012/11/08-20:58***********

Processing /home/nick/FSparser/Working_Folder/temp_output.csv......
invalid input id:  in:

for file /home/nick/FSparser/Working_Folder/temp_output.csv
failed when mapping /home/nick/FSparser/Working_Folder/temp_output.csv
Mapping failed

==================================

***********Begin DSID Mapping at: 2012/11/08-20:58***********

Processing /home/nick/FSparser/Working_Folder/temp_output.csv......
invalid input id:  in:

for file /home/nick/FSparser/Working_Folder/temp_output.csv
failed when mapping /home/nick/FSparser/Working_Folder/temp_output.csv
Mapping failed

==================================

***********Begin DSID Mapping at: 2012/11/08-20:58***********

Processing /home/nick/FSparser/Working_Folder/temp_output.csv......
invalid input id:  in:

for file /home/nick/FSparser/Working_Folder/temp_output.csv
failed when mapping /home/nick/FSparser/Working_Folder/temp_output.csv
Mapping failed

==================================

***********Begin DSID Mapping at: 2012/11/08-21:02***********

Processing /home/nick/FSparser/Working_Folder/temp_output.csv......
invalid input id:  in:

for file /home/nick/FSparser/Working_Folder/temp_output.csv
failed when mapping /home/nick/FSparser/Working_Folder/temp_output.csv
Mapping failed

==================================

***********Begin DSID Mapping at: 2012/11/08-21:03***********

Processing /home/nick/FSparser/Working_Folder/temp_output.csv......
invalid input id:  in:

for file /home/nick/FSparser/Working_Folder/temp_output.csv
failed when mapping /home/nick/FSparser/Working_Folder/temp_output.csv
Mapping failed

==================================

***********Begin DSID Mapping at: 2012/11/08-21:03***********

Processing /home/nick/FSparser/Working_Folder/temp_output.csv......
invalid input id: 1_Summit_PE_PE_Universe_ret in:
1_Summit_PE_PE_Universe_ret,01/31/2012,4.81829387586656
for file /home/nick/FSparser/Working_Folder/temp_output.csv
failed when mapping /home/nick/FSparser/Working_Folder/temp_output.csv
Mapping failed

==================================

***********Begin DSID Mapping at: 2012/11/08-21:06***********

Processing /home/nick/FSparser/Working_Folder/temp_output.csv......
/home/nick/FSparser/Working_Folder/temp_output.csv completed......

The Total Time Used:   0.00s
Mapping successfully Finished

==================================

***********Begin DSID Mapping at: 2012/11/08-21:12***********

Processing /home/nick/FSparser/Working_Folder/temp_output.csv......
File: /home/nick/FSparser/Working_Folder/temp_output.csv has zero size
failed when mapping /home/nick/FSparser/Working_Folder/temp_output.csv
Mapping failed

==================================

***********Begin DSID Mapping at: 2012/11/08-21:12***********

Processing /home/nick/FSparser/Working_Folder/temp_output.csv......
File: /home/nick/FSparser/Working_Folder/temp_output.csv has zero size!!
failed when mapping /home/nick/FSparser/Working_Folder/temp_output.csv
Mapping failed

==================================

***********Begin DSID Mapping at: 2012/11/08-21:13***********

Processing /home/nick/FSparser/Working_Folder/temp_output.csv......
invalid input id: 1_SummitPBK_PBK_Universe_ret in:
1_SummitPBK_PBK_Universe_ret,01/31/2012,4.99293586120301
for file /home/nick/FSparser/Working_Folder/temp_output.csv
failed when mapping /home/nick/FSparser/Working_Folder/temp_output.csv
Mapping failed

==================================

***********Begin DSID Mapping at: 2012/11/08-21:13***********

Processing /home/nick/FSparser/Working_Folder/temp_output.csv......
invalid input id: 1_SummitPBK_PBK_Universe_ret in:
1_SummitPBK_PBK_Universe_ret,01/31/2012,4.99293586120301
for file /home/nick/FSparser/Working_Folder/temp_output.csv
failed when mapping /home/nick/FSparser/Working_Folder/temp_output.csv
Mapping failed

==================================

***********Begin DSID Mapping at: 2012/11/08-21:15***********

Processing /home/nick/FSparser/Working_Folder/temp_output.csv......
invalid input id: 1_SummitPBK_PBK_Universe_ret in:
1_SummitPBK_PBK_Universe_ret,01/31/2012,4.99293586120301
for file /home/nick/FSparser/Working_Folder/temp_output.csv
failed when mapping /home/nick/FSparser/Working_Folder/temp_output.csv
Mapping failed

==================================

***********Begin DSID Mapping at: 2012/11/08-21:17***********

Processing /home/nick/FSparser/Working_Folder/temp_output.csv......
invalid input id: 1_SummitPBK_PBK_Universe_ret in:
1_SummitPBK_PBK_Universe_ret,01/31/2012,4.99293586120301
for file /home/nick/FSparser/Working_Folder/temp_output.csv
failed when mapping /home/nick/FSparser/Working_Folder/temp_output.csv
Mapping failed

==================================

***********Begin DSID Mapping at: 2012/11/08-21:19***********

Processing /home/nick/FSparser/Working_Folder/temp_output.csv......
invalid input id: 1_SummitPBK_PBK_Universe_ret in:
1_SummitPBK_PBK_Universe_ret,01/31/2012,4.99293586120301
for file /home/nick/FSparser/Working_Folder/temp_output.csv
failed when mapping /home/nick/FSparser/Working_Folder/temp_output.csv
Mapping failed

==================================

***********Begin DSID Mapping at: 2012/11/08-21:21***********

Processing /home/nick/FSparser/Working_Folder/temp_output.csv......
invalid input id: 1_SummitPBK_PBK_Universe_ret in:
1_SummitPBK_PBK_Universe_ret,01/31/2012,4.99293586120301
for file /home/nick/FSparser/Working_Folder/temp_output.csv
failed when mapping /home/nick/FSparser/Working_Folder/temp_output.csv
Mapping failed

==================================

***********Begin DSID Mapping at: 2012/11/08-21:21***********

Processing /home/nick/FSparser/Working_Folder/temp_output.csv......
invalid input id: 1_SummitPBK_PBK_Universe_ret in:
1_SummitPBK_PBK_Universe_ret,01/31/2012,4.99293586120301
for file /home/nick/FSparser/Working_Folder/temp_output.csv
failed when mapping /home/nick/FSparser/Working_Folder/temp_output.csv
Mapping failed

==================================

***********Begin DSID Mapping at: 2012/11/08-21:22***********

Processing /home/nick/FSparser/Working_Folder/temp_output.csv......
invalid input id: 1_SummitPBK_PBK_Universe_ret in:
1_SummitPBK_PBK_Universe_ret,01/31/2012,4.99293586120301
for file /home/nick/FSparser/Working_Folder/temp_output.csv
failed when mapping /home/nick/FSparser/Working_Folder/temp_output.csv
Mapping failed

==================================

***********Begin DSID Mapping at: 2012/11/08-21:22***********

Processing /home/nick/FSparser/Working_Folder/temp_output.csv......
invalid input id: 1_SummitPBK_PBK_Universe_ret in:
1_SummitPBK_PBK_Universe_ret,01/31/2012,4.99293586120301
for file /home/nick/FSparser/Working_Folder/temp_output.csv
failed when mapping /home/nick/FSparser/Working_Folder/temp_output.csv
Mapping failed

==================================

***********Begin DSID Mapping at: 2012/11/08-21:28***********

Processing /home/nick/FSparser/Working_Folder/temp_output.csv......
/home/nick/FSparser/Working_Folder/temp_output.csv completed......

The Total Time Used:   0.04s
Mapping successfully Finished

==================================

***********Begin DSID Mapping at: 2012/11/08-21:29***********

Processing /home/nick/FSparser/Working_Folder/temp_output.csv......
/home/nick/FSparser/Working_Folder/temp_output.csv completed......

The Total Time Used:   0.01s
Mapping successfully Finished

==================================

***********Begin DSID Mapping at: 2012/11/08-21:50***********

Processing /home/nick/FSparser/Working_Folder/temp_output.csv......
invalid input id: _PBK_Universe_ret in:
_PBK_Universe_ret,01/31/2012,4.99293586120301
for file /home/nick/FSparser/Working_Folder/temp_output.csv
failed when mapping /home/nick/FSparser/Working_Folder/temp_output.csv
Mapping failed

==================================

***********Begin DSID Mapping at: 2012/11/08-21:55***********

Processing /home/nick/FSparser/Working_Folder/temp_output.csv......
/home/nick/FSparser/Working_Folder/temp_output.csv completed......

The Total Time Used:   0.01s
Mapping successfully Finished

==================================

***********Begin DSID Mapping at: 2012/11/08-21:55***********

Processing /home/nick/FSparser/Working_Folder/temp_output.csv......
/home/nick/FSparser/Working_Folder/temp_output.csv completed......

The Total Time Used:   0.01s
Mapping successfully Finished

==================================

***********Begin DSID Mapping at: 2012/11/08-21:55***********

Processing /home/nick/FSparser/Working_Folder/temp_output.csv......
/home/nick/FSparser/Working_Folder/temp_output.csv completed......

The Total Time Used:   0.01s
Mapping successfully Finished

==================================

***********Begin DSID Mapping at: 2012/11/08-21:55***********

Processing /home/nick/FSparser/Working_Folder/temp_output.csv......
/home/nick/FSparser/Working_Folder/temp_output.csv completed......

The Total Time Used:   0.01s
Mapping successfully Finished

==================================

***********Begin DSID Mapping at: 2012/11/08-22:03***********

Processing /home/nick/FSparser/Working_Folder/temp_output.csv......
/home/nick/FSparser/Working_Folder/temp_output.csv completed......

The Total Time Used:   0.01s
Mapping successfully Finished

==================================

***********Begin DSID Mapping at: 2012/11/08-22:31***********

Processing /Users/Nick/FSparser/Working_Folder/temp_output.csv......
/Users/Nick/FSparser/Working_Folder/temp_output.csv completed......

The Total Time Used:   0.01s
Mapping successfully Finished

==================================
